2024-06-04 17:11:20,822 INFO root start
2024-06-04 17:11:20,828 INFO root Starting FullLoad Process
2024-06-04 17:11:20,859 INFO root Table name :- Table Created Sucessfully Or Table Allready exists
2024-06-04 17:11:20,859 INFO root Common Table name :- Table Created Sucessfully Or Table Allready exists
2024-06-04 17:11:20,863 DEBUG urllib3.connectionpool Starting new HTTPS connection (1): www.flipkart.com:443
2024-06-04 17:11:21,610 DEBUG urllib3.connectionpool https://www.flipkart.com:443 "GET /search?q=laptop&page=0 HTTP/1.1" 200 None
2024-06-04 17:11:21,896 DEBUG urllib3.connectionpool Starting new HTTPS connection (1): www.flipkart.com:443
2024-06-04 17:11:22,429 DEBUG urllib3.connectionpool https://www.flipkart.com:443 "GET /search?q=laptop&page=1 HTTP/1.1" 200 None
2024-06-04 17:11:22,631 DEBUG urllib3.connectionpool Starting new HTTPS connection (1): www.flipkart.com:443
2024-06-04 17:11:23,148 DEBUG urllib3.connectionpool https://www.flipkart.com:443 "GET /search?q=laptop&page=2 HTTP/1.1" 200 None
2024-06-04 17:11:23,338 DEBUG urllib3.connectionpool Starting new HTTPS connection (1): www.flipkart.com:443
2024-06-04 17:11:24,068 DEBUG urllib3.connectionpool https://www.flipkart.com:443 "GET /search?q=laptop&page=3 HTTP/1.1" 200 None
2024-06-04 17:11:24,305 DEBUG urllib3.connectionpool Starting new HTTPS connection (1): www.flipkart.com:443
2024-06-04 17:11:24,812 DEBUG urllib3.connectionpool https://www.flipkart.com:443 "GET /search?q=laptop&page=4 HTTP/1.1" 200 None
2024-06-04 17:11:25,035 DEBUG urllib3.connectionpool Starting new HTTPS connection (1): www.flipkart.com:443
2024-06-04 17:11:25,707 DEBUG urllib3.connectionpool https://www.flipkart.com:443 "GET /search?q=laptop&page=5 HTTP/1.1" 200 None
2024-06-04 17:11:25,925 DEBUG urllib3.connectionpool Starting new HTTPS connection (1): www.flipkart.com:443
2024-06-04 17:11:26,531 DEBUG urllib3.connectionpool https://www.flipkart.com:443 "GET /search?q=laptop&page=6 HTTP/1.1" 200 None
2024-06-04 17:11:26,703 DEBUG urllib3.connectionpool Starting new HTTPS connection (1): www.flipkart.com:443
2024-06-04 17:11:27,344 DEBUG urllib3.connectionpool https://www.flipkart.com:443 "GET /search?q=laptop&page=7 HTTP/1.1" 200 None
2024-06-04 17:11:27,566 DEBUG urllib3.connectionpool Starting new HTTPS connection (1): www.flipkart.com:443
2024-06-04 17:11:28,266 DEBUG urllib3.connectionpool https://www.flipkart.com:443 "GET /search?q=laptop&page=8 HTTP/1.1" 200 None
2024-06-04 17:11:28,523 DEBUG urllib3.connectionpool Starting new HTTPS connection (1): www.flipkart.com:443
2024-06-04 17:11:29,086 DEBUG urllib3.connectionpool https://www.flipkart.com:443 "GET /search?q=laptop&page=9 HTTP/1.1" 200 None
2024-06-04 17:11:29,315 DEBUG urllib3.connectionpool Starting new HTTPS connection (1): www.flipkart.com:443
2024-06-04 17:11:29,617 DEBUG urllib3.connectionpool https://www.flipkart.com:443 "GET /search?q=laptop&page=10 HTTP/1.1" 429 2523
2024-06-04 17:11:29,629 DEBUG charset_normalizer Encoding detection: ascii is most likely the one.
2024-06-04 17:11:29,632 DEBUG urllib3.connectionpool Starting new HTTPS connection (1): www.flipkart.com:443
2024-06-04 17:11:29,725 DEBUG urllib3.connectionpool https://www.flipkart.com:443 "GET /search?q=laptop&page=11 HTTP/1.1" 429 2524
2024-06-04 17:11:29,734 DEBUG charset_normalizer Encoding detection: ascii is most likely the one.
2024-06-04 17:11:29,738 DEBUG urllib3.connectionpool Starting new HTTPS connection (1): www.flipkart.com:443
2024-06-04 17:11:30,417 DEBUG urllib3.connectionpool https://www.flipkart.com:443 "GET /search?q=laptop&page=12 HTTP/1.1" 200 None
2024-06-04 17:11:30,662 DEBUG urllib3.connectionpool Starting new HTTPS connection (1): www.flipkart.com:443
2024-06-04 17:11:31,341 DEBUG urllib3.connectionpool https://www.flipkart.com:443 "GET /search?q=laptop&page=13 HTTP/1.1" 200 None
2024-06-04 17:11:31,591 DEBUG urllib3.connectionpool Starting new HTTPS connection (1): www.flipkart.com:443
2024-06-04 17:11:32,260 DEBUG urllib3.connectionpool https://www.flipkart.com:443 "GET /search?q=laptop&page=14 HTTP/1.1" 200 None
2024-06-04 17:11:32,509 DEBUG urllib3.connectionpool Starting new HTTPS connection (1): www.flipkart.com:443
2024-06-04 17:11:32,993 DEBUG urllib3.connectionpool https://www.flipkart.com:443 "GET /search?q=laptop&page=15 HTTP/1.1" 200 None
2024-06-04 17:11:33,205 DEBUG urllib3.connectionpool Starting new HTTPS connection (1): www.flipkart.com:443
2024-06-04 17:11:33,797 DEBUG urllib3.connectionpool https://www.flipkart.com:443 "GET /search?q=laptop&page=16 HTTP/1.1" 200 None
2024-06-04 17:11:34,017 DEBUG urllib3.connectionpool Starting new HTTPS connection (1): www.flipkart.com:443
2024-06-04 17:11:34,615 DEBUG urllib3.connectionpool https://www.flipkart.com:443 "GET /search?q=laptop&page=17 HTTP/1.1" 200 None
2024-06-04 17:11:34,820 DEBUG urllib3.connectionpool Starting new HTTPS connection (1): www.flipkart.com:443
2024-06-04 17:11:35,434 DEBUG urllib3.connectionpool https://www.flipkart.com:443 "GET /search?q=laptop&page=18 HTTP/1.1" 200 None
2024-06-04 17:11:35,709 DEBUG urllib3.connectionpool Starting new HTTPS connection (1): www.flipkart.com:443
2024-06-04 17:11:35,994 DEBUG urllib3.connectionpool https://www.flipkart.com:443 "GET /search?q=laptop&page=19 HTTP/1.1" 429 2524
2024-06-04 17:11:36,004 DEBUG charset_normalizer Encoding detection: ascii is most likely the one.
2024-06-04 17:11:36,008 DEBUG urllib3.connectionpool Starting new HTTPS connection (1): www.flipkart.com:443
2024-06-04 17:11:36,565 DEBUG urllib3.connectionpool https://www.flipkart.com:443 "GET /search?q=laptop&page=20 HTTP/1.1" 200 None
2024-06-04 17:11:36,662 INFO root Rows Inserted 408 Number of pages Scraped 20
2024-06-04 17:11:36,662 INFO root Ending Fullload Process
